     1                                  ; hello-os
     2                                  
     3                                  CYLS   EQU   10               ; 读取的柱面数量（CYLS = cylinders）
     4                                  
     5                                    ORG   0x7c00            ; 指明程序的装载地址
     6                                  
     7                                  ; 用于标准FAT12格式的软盘
     8 00000000 EB4E                      JMP   entry             ; 跳转指令
     9 00000002 90                        NOP                     ; NOP指令
    10 00000003 48415249424F5445          DB    "HARIBOTE"        ; OEM标识符（8字节）
    11 0000000B 0002                      DW    512               ; 每个扇区（sector）的字节数（必须为512字节）
    12 0000000D 01                        DB    1                 ; 每个簇（cluster）的扇区数（必须为1个扇区）
    13 0000000E 0100                      DW    1                 ; FAT的预留扇区数（包含boot扇区）
    14 00000010 02                        DB    2                 ; FAT表的数量，通常为2
    15 00000011 E000                      DW    224               ; 根目录文件的最大值（一般设为224项）
    16 00000013 400B                      DW    2880              ; 磁盘的扇区总数，若为0则代表超过65535个扇区，需要使用22行记录
    17 00000015 F0                        DB    0xf0              ; 磁盘的种类（本项目中设为0xf0代表1.44MB的软盘）
    18 00000016 0900                      DW    9                 ; 每个FAT的长度（必须为9扇区）
    19 00000018 1200                      DW    18                ; 1个磁道（track）拥有的扇区数（必须是18）
    20 0000001A 0200                      DW    2                 ; 磁头数（必须为2）
    21 0000001C 00000000                  DD    0                 ; 隐藏的扇区数
    22 00000020 400B0000                  DD    2880              ; 大容量扇区总数，若16行记录的值为0则使用本行记录扇区数
    23 00000024 00                        DB    0                 ; 中断0x13的设备号
    24 00000025 00                        DB    0                 ; Windows NT标识符
    25 00000026 29                        DB    0x29              ; 扩展引导标识
    26 00000027 FFFFFFFF                  DD    0xffffffff        ; 卷序列号
    27 0000002B 48415249424F54454F-       DB    "HARIBOTEOS "     ; 卷标（11字节）
    27 00000034 5320               
    28 00000036 4641543132202020          DB    "FAT12   "        ; 文件系统类型（8字节）
    29 0000003E <res 12h>                 RESB  18                ; 空18字节
    29          ******************       warning: uninitialized space declared in .text section: zeroing [-w+zeroing]
    30                                  
    31                                  ; 程序核心
    32                                  
    33                                  entry:
    34 00000050 B80000                    MOV   AX, 0             ; 初始化寄存器
    35 00000053 8ED0                      MOV   SS, AX
    36 00000055 BC007C                    MOV   SP, 0x7c00
    37 00000058 8ED8                      MOV   DS, AX
    38                                  
    39                                  ; 读取硬盘
    40 0000005A B82008                    MOV   AX, 0x0820
    41 0000005D 8EC0                      MOV   ES, AX
    42 0000005F B500                      MOV   CH, 0             ; 柱面0
    43 00000061 B600                      MOV   DH, 0             ; 磁头0
    44 00000063 B102                      MOV   CL, 2             ; 扇区2
    45                                  
    46                                  readloop:
    47 00000065 BE0000                    MOV   SI, 0             ; 记录失败次数的寄存器
    48                                  retry:
    49 00000068 B402                      MOV   AH, 0x02          ; AH=0x02：读盘
    50 0000006A B001                      MOV   AL, 1             ; 1个扇区
    51 0000006C BB0000                    MOV   BX, 0
    52 0000006F B200                      MOV   DL, 0x00          ; A驱动器
    53 00000071 CD13                      INT   0x13              ; 调用磁盘BIOS
    54 00000073 7310                      JNC   next              ; 没出错跳转到next
    55                                  
    56 00000075 83C601                    ADD   SI, 1             ; 失败次数+1
    57 00000078 83FE05                    CMP   SI, 5             ; 失败次数是否达到5次
    58 0000007B 7335                      JAE   error             ; 失败次数达到5次跳转到error
    59 0000007D B400                      MOV   AH, 0x00
    60 0000007F B200                      MOV   DL, 0x00          ; A驱动器
    61 00000081 CD13                      INT   0x13              ; 重置驱动器
    62 00000083 EBE3                      JMP   retry
    63                                  
    64                                  next:
    65 00000085 8CC0                      MOV   AX, ES            ; 把内存地址后移0x200
    66 00000087 83C020                    ADD   AX, 0x0020
    67 0000008A 8EC0                      MOV   ES, AX            ; 实现ES += 0x0020的目的
    68                                  
    69                                    ; 扇区范围 1～18
    70 0000008C 80C101                    ADD   CL, 1             ; 扇区加1
    71 0000008F 80F912                    CMP   CL, 18            ; 扇区是否达到18
    72 00000092 76D1                      JBE   readloop          ; 小于等于18扇区则跳转到readloop
    73                                  
    74 00000094 B101                      MOV   CL, 1             ; 恢复到扇区1
    75                                    ; 磁头范围 0～1（正面0，反面1）
    76 00000096 80C601                    ADD   DH, 1
    77 00000099 80FE02                    CMP   DH, 2
    78 0000009C 72C7                      JB    readloop          ; 磁头未达到2则跳转到readloop
    79                                  
    80 0000009E B600                      MOV   DH, 0
    81                                    ; 柱面范围 0 ～ 79
    82 000000A0 80C501                    ADD   CH, 1
    83 000000A3 80FD0A                    CMP   CH, CYLS
    84 000000A6 72BD                      JB    readloop          ; 读取指定数量的柱面，未达到CYLS则跳转readloop
    85                                  
    86                                  ; 读取完毕，跳转到haribote.sys执行
    87 000000A8 882EF00F                  MOV   [0x0ff0], CH      ; 记下IPL读了多远（谷歌翻译自IPLがどこまで読んだのかをメモ）
    88 000000AC E9(00C2)                  JMP   0xc200
    89                                  
    90                                  fin:
    91 000000AF F4                        HLT                     ; CPU停止，等待指令
    92 000000B0 EBFD                      JMP   fin               ; 无限循环
    93                                  
    94                                  error:
    95 000000B2 BE[C700]                  MOV   SI, msg
    96                                  
    97                                  putloop:
    98 000000B5 8A04                      MOV   AL, [SI]
    99 000000B7 83C601                    ADD   SI, 1             ; SI加1
   100 000000BA 3C00                      CMP   AL, 0
   101                                  
   102 000000BC 74F1                      JE    fin
   103 000000BE B40E                      MOV   AH, 0x0e          ; 显示一个文字
   104 000000C0 BB0F00                    MOV   BX, 15            ; 指定字符颜色
   105 000000C3 CD10                      INT   0x10              ; 调用显卡BIOS
   106 000000C5 EBEE                      JMP   putloop
   107                                  
   108                                  msg:
   109 000000C7 0A0A                      DB    0x0a, 0x0a        ; 两个换行
   110 000000C9 6C6F6164206572726F-       DB    "load error"
   110 000000D2 72                 
   111 000000D3 0A                        DB    0x0a              ; 换行
   112 000000D4 00                        DB    0
   113                                  
   114 000000D5 <res 129h>                RESB  0x1fe - ($ - $$)  ; 填写0x00，直到0x001fe
   114          ******************       warning: uninitialized space declared in .text section: zeroing [-w+zeroing]
   115 000001FE 55AA                      DB    0x55, 0xaa
